Using pre-set license
Built from '2020.3/staging' branch; Version is '2020.3.16f1 (049d6eca3c44) revision 302446'; Using compiler version '192528614'; Build Type 'Release'
OS: 'Windows 10 Pro; OS build 19041.1415; Version 2004; 64bit' Language: 'es' Physical Memory: 16280 MB
BatchMode: 1, IsHumanControllingUs: 0, StartBugReporterOnCrash: 0, Is64bit: 1, IsPro: 0

 COMMAND LINE ARGUMENTS:
C:\Program Files\Unity\Hub\Editor\2020.3.16f1\Editor\Unity.exe
-adb2
-batchMode
-noUpm
-name
AssetImportWorker0
-projectPath
C:/Users/sarpn/SpeedVillager
-logFile
Logs/AssetImportWorker0.log
-srvPort
52273
Successfully changed project path to: C:/Users/sarpn/SpeedVillager
C:/Users/sarpn/SpeedVillager
Using Asset Import Pipeline V2.
Refreshing native plugins compatible for Editor in 37.40 ms, found 0 plugins.
Preloading 0 native plugins for Editor in 0.00 ms.
Initialize engine version: 2020.3.16f1 (049d6eca3c44)
[Subsystems] Discovering subsystems at path C:/Program Files/Unity/Hub/Editor/2020.3.16f1/Editor/Data/Resources/UnitySubsystems
[Subsystems] Discovering subsystems at path C:/Users/sarpn/SpeedVillager/Assets
GfxDevice: creating device client; threaded=0
Direct3D:
    Version:  Direct3D 11.0 [level 11.1]
    Renderer: NVIDIA GeForce GTX 1050 Ti (ID=0x1c82)
    Vendor:   
    VRAM:     4018 MB
    Driver:   27.21.14.5671
Initialize mono
Mono path[0] = 'C:/Program Files/Unity/Hub/Editor/2020.3.16f1/Editor/Data/Managed'
Mono path[1] = 'C:/Program Files/Unity/Hub/Editor/2020.3.16f1/Editor/Data/MonoBleedingEdge/lib/mono/unityjit'
Mono config path = 'C:/Program Files/Unity/Hub/Editor/2020.3.16f1/Editor/Data/MonoBleedingEdge/etc'
Using monoOptions --debugger-agent=transport=dt_socket,embedding=1,server=y,suspend=n,address=127.0.0.1:56024
Begin MonoManager ReloadAssembly
Registering precompiled unity dll's ...
Register platform support module: C:/Program Files/Unity/Hub/Editor/2020.3.16f1/Editor/Data/PlaybackEngines/WindowsStandaloneSupport/UnityEditor.WindowsStandalone.Extensions.dll
Registered in 0.003475 seconds.
Native extension for WindowsStandalone target not found
Refreshing native plugins compatible for Editor in 32.12 ms, found 0 plugins.
Preloading 0 native plugins for Editor in 0.00 ms.
Mono: successfully reloaded assembly
- Completed reload, in  1.544 seconds
Domain Reload Profiling:
	ReloadAssembly (1544ms)
		BeginReloadAssembly (78ms)
			ExecutionOrderSort (0ms)
			DisableScriptedObjects (0ms)
			BackupInstance (0ms)
			ReleaseScriptingObjects (0ms)
			CreateAndSetChildDomain (2ms)
		EndReloadAssembly (577ms)
			LoadAssemblies (68ms)
			RebuildTransferFunctionScriptingTraits (1ms)
			SetupTypeCache (211ms)
			ReleaseScriptCaches (0ms)
			RebuildScriptCaches (38ms)
			SetupLoadedEditorAssemblies (181ms)
				LogAssemblyErrors (0ms)
				InitializePlatformSupportModulesInManaged (5ms)
				SetLoadedEditorAssemblies (0ms)
				RefreshPlugins (32ms)
				BeforeProcessingInitializeOnLoad (9ms)
				ProcessInitializeOnLoadAttributes (92ms)
				ProcessInitializeOnLoadMethodAttributes (43ms)
				AfterProcessingInitializeOnLoad (0ms)
				EditorAssembliesLoaded (0ms)
			ExecutionOrderSort2 (0ms)
			AwakeInstancesAfterBackupRestoration (0ms)
Platform modules already initialized, skipping
Registering precompiled user dll's ...
Registered in 0.005737 seconds.
Begin MonoManager ReloadAssembly
Native extension for WindowsStandalone target not found
Refreshing native plugins compatible for Editor in 0.77 ms, found 0 plugins.
Preloading 0 native plugins for Editor in 0.00 ms.
Mono: successfully reloaded assembly
- Completed reload, in  1.011 seconds
Domain Reload Profiling:
	ReloadAssembly (1012ms)
		BeginReloadAssembly (179ms)
			ExecutionOrderSort (0ms)
			DisableScriptedObjects (10ms)
			BackupInstance (0ms)
			ReleaseScriptingObjects (0ms)
			CreateAndSetChildDomain (22ms)
		EndReloadAssembly (754ms)
			LoadAssemblies (52ms)
			RebuildTransferFunctionScriptingTraits (0ms)
			SetupTypeCache (190ms)
			ReleaseScriptCaches (0ms)
			RebuildScriptCaches (35ms)
			SetupLoadedEditorAssemblies (337ms)
				LogAssemblyErrors (0ms)
				InitializePlatformSupportModulesInManaged (6ms)
				SetLoadedEditorAssemblies (1ms)
				RefreshPlugins (1ms)
				BeforeProcessingInitializeOnLoad (50ms)
				ProcessInitializeOnLoadAttributes (262ms)
				ProcessInitializeOnLoadMethodAttributes (6ms)
				AfterProcessingInitializeOnLoad (10ms)
				EditorAssembliesLoaded (1ms)
			ExecutionOrderSort2 (0ms)
			AwakeInstancesAfterBackupRestoration (13ms)
Platform modules already initialized, skipping
========================================================================
Worker process is ready to serve import requests
Launched and connected shader compiler UnityShaderCompiler.exe after 0.17 seconds
Refreshing native plugins compatible for Editor in 0.76 ms, found 0 plugins.
Preloading 0 native plugins for Editor in 0.00 ms.
Unloading 7 Unused Serialized files (Serialized files now loaded: 0)
System memory in use before: 38.8 MB.
System memory in use after: 38.8 MB.

Unloading 2 unused Assets to reduce memory usage. Loaded Objects now: 464.
Total: 5.471900 ms (FindLiveObjects: 0.040800 ms CreateObjectMapping: 0.003500 ms MarkObjects: 5.267100 ms  DeleteObjects: 0.159100 ms)

AssetImportParameters requested are different than current active one (requested -> active):
  custom:framework-win-MediaFoundation: 216162199b28c13a410421893ffa2e32 -> 
  custom:video-decoder-ogg-theora: a1e56fd34408186e4bbccfd4996cb3dc -> 
  custom:container-muxer-webm: aa71ff27fc2769a1b78a27578f13a17b -> 
  custom:container-demuxer-webm: 4f35f7cbe854078d1ac9338744f61a02 -> 
  custom:container-demuxer-ogg: 62fdf1f143b41e24485cea50d1cbac27 -> 
  custom:video-encoder-webm-vp8: eb34c28f22e8b96e1ab97ce403110664 -> 
  custom:video-decoder-webm-vp8: 9c59270c3fd7afecdb556c50c9e8de78 -> 
  custom:audio-decoder-ogg-vorbis: bf7c407c2cedff20999df2af8eb42d56 -> 
  custom:audio-encoder-webm-vorbis: bf7c407c2cedff20999df2af8eb42d56 -> 
========================================================================
Received Import Request.
  path: Assets/prefabs
  artifactKey: Guid(ca5091cb941a41a4094fbd4149afa265) Importer(815301076,1909f56bfc062723c751e8b465ee728b)
Start importing Assets/prefabs using Guid(ca5091cb941a41a4094fbd4149afa265) Importer(815301076,1909f56bfc062723c751e8b465ee728b)  -> (artifact id: 'e19bc86384003377fedfc16fefbe0a03') in 0.080287 seconds 
  Import took 0.103228 seconds .

========================================================================
Received Import Request.
  Time since last request: 2.253734 seconds.
  path: Assets/prefabs/bar.prefab
  artifactKey: Guid(42943b17e789775448a78daf71ce74c8) Importer(815301076,1909f56bfc062723c751e8b465ee728b)
Start importing Assets/prefabs/bar.prefab using Guid(42943b17e789775448a78daf71ce74c8) Importer(815301076,1909f56bfc062723c751e8b465ee728b)  -> (artifact id: '8585ff5ad375dffbff937a827450ed01') in 0.309721 seconds 
  Import took 0.317005 seconds .

========================================================================
Received Import Request.
  Time since last request: 311.353291 seconds.
  path: Assets/textures/spaceman_s.png
  artifactKey: Guid(fd36d1aea5b550843b10ee709db4ae26) Importer(815301076,1909f56bfc062723c751e8b465ee728b)
Start importing Assets/textures/spaceman_s.png using Guid(fd36d1aea5b550843b10ee709db4ae26) Importer(815301076,1909f56bfc062723c751e8b465ee728b)  -> (artifact id: 'c44eda3734a2bf913c15422e1e720b9c') in 0.105797 seconds 
  Import took 0.129962 seconds .

========================================================================
Received Import Request.
  Time since last request: 0.000313 seconds.
  path: Assets/textures/spaceman_n.png
  artifactKey: Guid(88f5a02c631ca1044ba17b18768444fe) Importer(815301076,1909f56bfc062723c751e8b465ee728b)
Start importing Assets/textures/spaceman_n.png using Guid(88f5a02c631ca1044ba17b18768444fe) Importer(815301076,1909f56bfc062723c751e8b465ee728b)  -> (artifact id: '6906d1a404320474a13a552138980e24') in 0.017940 seconds 
  Import took 0.029084 seconds .

========================================================================
Received Import Request.
  Time since last request: 0.000274 seconds.
  path: Assets/textures/spaceman_d_ora.png
  artifactKey: Guid(66d4105044037344fbe8760d3578e0dc) Importer(815301076,1909f56bfc062723c751e8b465ee728b)
Start importing Assets/textures/spaceman_d_ora.png using Guid(66d4105044037344fbe8760d3578e0dc) Importer(815301076,1909f56bfc062723c751e8b465ee728b)  -> (artifact id: '4716da5f1ac939dd35db81c9adc6f253') in 0.024745 seconds 
  Import took 0.026113 seconds .

========================================================================
Received Import Request.
  Time since last request: 91.668159 seconds.
  path: Assets/textures/spaceman_d_ora.png
  artifactKey: Guid(66d4105044037344fbe8760d3578e0dc) Importer(815301076,1909f56bfc062723c751e8b465ee728b)
Start importing Assets/textures/spaceman_d_ora.png using Guid(66d4105044037344fbe8760d3578e0dc) Importer(815301076,1909f56bfc062723c751e8b465ee728b)  -> (artifact id: 'eb953f76b08bb6f3dab41b338846d57b') in 0.012906 seconds 
  Import took 0.020067 seconds .

========================================================================
Received Import Request.
  Time since last request: 8.657840 seconds.
  path: Assets/textures/spaceman_n.png
  artifactKey: Guid(88f5a02c631ca1044ba17b18768444fe) Importer(815301076,1909f56bfc062723c751e8b465ee728b)
Start importing Assets/textures/spaceman_n.png using Guid(88f5a02c631ca1044ba17b18768444fe) Importer(815301076,1909f56bfc062723c751e8b465ee728b)  -> (artifact id: '6d55fe1a885c362b088636af5f579e33') in 0.023218 seconds 
  Import took 0.024632 seconds .

========================================================================
Received Import Request.
  Time since last request: 4.436180 seconds.
  path: Assets/textures/spaceman_s.png
  artifactKey: Guid(fd36d1aea5b550843b10ee709db4ae26) Importer(815301076,1909f56bfc062723c751e8b465ee728b)
Start importing Assets/textures/spaceman_s.png using Guid(fd36d1aea5b550843b10ee709db4ae26) Importer(815301076,1909f56bfc062723c751e8b465ee728b)  -> (artifact id: 'ae98e3db1aef43992f8cc126fd4a2a51') in 0.008813 seconds 
  Import took 0.010199 seconds .

========================================================================
Received Import Request.
  Time since last request: 0.010339 seconds.
  path: Assets/textures/spaceman_s.png
  artifactKey: Guid(fd36d1aea5b550843b10ee709db4ae26) Importer(815301076,1909f56bfc062723c751e8b465ee728b)
Start importing Assets/textures/spaceman_s.png using Guid(fd36d1aea5b550843b10ee709db4ae26) Importer(815301076,1909f56bfc062723c751e8b465ee728b)  -> (artifact id: 'ae98e3db1aef43992f8cc126fd4a2a51') in 0.012622 seconds 
  Import took 0.013487 seconds .

========================================================================
Received Import Request.
  Time since last request: 21.179941 seconds.
  path: Assets/textures/spaceman_n.png
  artifactKey: Guid(88f5a02c631ca1044ba17b18768444fe) Importer(815301076,1909f56bfc062723c751e8b465ee728b)
Start importing Assets/textures/spaceman_n.png using Guid(88f5a02c631ca1044ba17b18768444fe) Importer(815301076,1909f56bfc062723c751e8b465ee728b)  -> (artifact id: 'c04970458f8c9969823bd960ebf7f3d2') in 0.012131 seconds 
  Import took 0.025469 seconds .

========================================================================
Received Import Request.
  Time since last request: 0.006011 seconds.
  path: Assets/textures/spaceman_n.png
  artifactKey: Guid(88f5a02c631ca1044ba17b18768444fe) Importer(815301076,1909f56bfc062723c751e8b465ee728b)
Start importing Assets/textures/spaceman_n.png using Guid(88f5a02c631ca1044ba17b18768444fe) Importer(815301076,1909f56bfc062723c751e8b465ee728b)  -> (artifact id: 'c04970458f8c9969823bd960ebf7f3d2') in 0.010251 seconds 
  Import took 0.010835 seconds .

========================================================================
Received Import Request.
  Time since last request: 126.489357 seconds.
  path: Assets/animations/pieAnimation.anim
  artifactKey: Guid(f3c79fd136304ec439174b3bea2a3975) Importer(815301076,1909f56bfc062723c751e8b465ee728b)
Start importing Assets/animations/pieAnimation.anim using Guid(f3c79fd136304ec439174b3bea2a3975) Importer(815301076,1909f56bfc062723c751e8b465ee728b)  -> (artifact id: '5c81309b91be0e4b5e12929c2c624534') in 0.067932 seconds 
  Import took 0.074330 seconds .

========================================================================
Received Import Request.
  Time since last request: 0.954218 seconds.
  path: Assets/animations/pie.controller
  artifactKey: Guid(076c76e2b0f99304fb9019ea9b220300) Importer(815301076,1909f56bfc062723c751e8b465ee728b)
Start importing Assets/animations/pie.controller using Guid(076c76e2b0f99304fb9019ea9b220300) Importer(815301076,1909f56bfc062723c751e8b465ee728b)  -> (artifact id: '0486bf12055b9e1fca1f869ca8942ddd') in 0.020139 seconds 
  Import took 0.038858 seconds .

========================================================================
Received Prepare
Registering precompiled user dll's ...
Registered in 0.004587 seconds.
Begin MonoManager ReloadAssembly
Native extension for WindowsStandalone target not found
Refreshing native plugins compatible for Editor in 0.68 ms, found 0 plugins.
Preloading 0 native plugins for Editor in 0.00 ms.
Mono: successfully reloaded assembly
- Completed reload, in  0.717 seconds
Domain Reload Profiling:
	ReloadAssembly (718ms)
		BeginReloadAssembly (112ms)
			ExecutionOrderSort (0ms)
			DisableScriptedObjects (5ms)
			BackupInstance (0ms)
			ReleaseScriptingObjects (0ms)
			CreateAndSetChildDomain (22ms)
		EndReloadAssembly (535ms)
			LoadAssemblies (51ms)
			RebuildTransferFunctionScriptingTraits (0ms)
			SetupTypeCache (156ms)
			ReleaseScriptCaches (0ms)
			RebuildScriptCaches (30ms)
			SetupLoadedEditorAssemblies (200ms)
				LogAssemblyErrors (0ms)
				InitializePlatformSupportModulesInManaged (5ms)
				SetLoadedEditorAssemblies (0ms)
				RefreshPlugins (1ms)
				BeforeProcessingInitializeOnLoad (47ms)
				ProcessInitializeOnLoadAttributes (133ms)
				ProcessInitializeOnLoadMethodAttributes (5ms)
				AfterProcessingInitializeOnLoad (8ms)
				EditorAssembliesLoaded (0ms)
			ExecutionOrderSort2 (0ms)
			AwakeInstancesAfterBackupRestoration (7ms)
Platform modules already initialized, skipping
Refreshing native plugins compatible for Editor in 0.66 ms, found 0 plugins.
Preloading 0 native plugins for Editor in 0.00 ms.
Unloading 2 Unused Serialized files (Serialized files now loaded: 0)
System memory in use before: 41.7 MB.
System memory in use after: 41.7 MB.

Unloading 0 unused Assets to reduce memory usage. Loaded Objects now: 475.
Total: 2.018400 ms (FindLiveObjects: 0.048700 ms CreateObjectMapping: 0.003300 ms MarkObjects: 1.962300 ms  DeleteObjects: 0.003500 ms)

AssetImportParameters requested are different than current active one (requested -> active):
  custom:framework-win-MediaFoundation: 216162199b28c13a410421893ffa2e32 -> 
  custom:video-decoder-ogg-theora: a1e56fd34408186e4bbccfd4996cb3dc -> 
  custom:container-muxer-webm: aa71ff27fc2769a1b78a27578f13a17b -> 
  custom:container-demuxer-webm: 4f35f7cbe854078d1ac9338744f61a02 -> 
  custom:container-demuxer-ogg: 62fdf1f143b41e24485cea50d1cbac27 -> 
  custom:video-encoder-webm-vp8: eb34c28f22e8b96e1ab97ce403110664 -> 
  custom:video-decoder-webm-vp8: 9c59270c3fd7afecdb556c50c9e8de78 -> 
  custom:audio-decoder-ogg-vorbis: bf7c407c2cedff20999df2af8eb42d56 -> 
  custom:audio-encoder-webm-vorbis: bf7c407c2cedff20999df2af8eb42d56 -> 
========================================================================
Received Import Request.
  Time since last request: 566.431945 seconds.
  path: Assets/animations/Walking.fbx
  artifactKey: Guid(50bfb46eee2a88a4f88247d8ccb93bbf) Importer(815301076,1909f56bfc062723c751e8b465ee728b)
Start importing Assets/animations/Walking.fbx using Guid(50bfb46eee2a88a4f88247d8ccb93bbf) Importer(815301076,1909f56bfc062723c751e8b465ee728b)  -> (artifact id: '389075d08abb9474fdd6022d99824ae8') in 0.368450 seconds 
  Import took 0.377376 seconds .

========================================================================
Received Import Request.
  Time since last request: 15.886819 seconds.
  path: Assets/animations/Breathing Idle.fbx
  artifactKey: Guid(3a9a9674fd8dd5d4b9dcd72eb0245162) Importer(815301076,1909f56bfc062723c751e8b465ee728b)
Start importing Assets/animations/Breathing Idle.fbx using Guid(3a9a9674fd8dd5d4b9dcd72eb0245162) Importer(815301076,1909f56bfc062723c751e8b465ee728b)  -> (artifact id: '66cf75509eb71e157dcc564c019ddff6') in 0.046165 seconds 
  Import took 0.056592 seconds .

========================================================================
Received Prepare
Registering precompiled user dll's ...
Registered in 0.016968 seconds.
Begin MonoManager ReloadAssembly
Native extension for WindowsStandalone target not found
Refreshing native plugins compatible for Editor in 0.69 ms, found 0 plugins.
Preloading 0 native plugins for Editor in 0.00 ms.
Mono: successfully reloaded assembly
- Completed reload, in  0.892 seconds
Domain Reload Profiling:
	ReloadAssembly (892ms)
		BeginReloadAssembly (108ms)
			ExecutionOrderSort (0ms)
			DisableScriptedObjects (5ms)
			BackupInstance (0ms)
			ReleaseScriptingObjects (0ms)
			CreateAndSetChildDomain (27ms)
		EndReloadAssembly (708ms)
			LoadAssemblies (52ms)
			RebuildTransferFunctionScriptingTraits (0ms)
			SetupTypeCache (242ms)
			ReleaseScriptCaches (0ms)
			RebuildScriptCaches (35ms)
			SetupLoadedEditorAssemblies (247ms)
				LogAssemblyErrors (0ms)
				InitializePlatformSupportModulesInManaged (7ms)
				SetLoadedEditorAssemblies (0ms)
				RefreshPlugins (1ms)
				BeforeProcessingInitializeOnLoad (47ms)
				ProcessInitializeOnLoadAttributes (176ms)
				ProcessInitializeOnLoadMethodAttributes (7ms)
				AfterProcessingInitializeOnLoad (9ms)
				EditorAssembliesLoaded (0ms)
			ExecutionOrderSort2 (0ms)
			AwakeInstancesAfterBackupRestoration (7ms)
Platform modules already initialized, skipping
Refreshing native plugins compatible for Editor in 0.66 ms, found 0 plugins.
Preloading 0 native plugins for Editor in 0.00 ms.
Unloading 2 Unused Serialized files (Serialized files now loaded: 0)
System memory in use before: 55.5 MB.
System memory in use after: 55.5 MB.

Unloading 1 unused Assets to reduce memory usage. Loaded Objects now: 480.
Total: 2.144000 ms (FindLiveObjects: 0.041800 ms CreateObjectMapping: 0.003400 ms MarkObjects: 2.083800 ms  DeleteObjects: 0.013900 ms)

AssetImportParameters requested are different than current active one (requested -> active):
  custom:framework-win-MediaFoundation: 216162199b28c13a410421893ffa2e32 -> 
  custom:video-decoder-ogg-theora: a1e56fd34408186e4bbccfd4996cb3dc -> 
  custom:container-muxer-webm: aa71ff27fc2769a1b78a27578f13a17b -> 
  custom:container-demuxer-webm: 4f35f7cbe854078d1ac9338744f61a02 -> 
  custom:container-demuxer-ogg: 62fdf1f143b41e24485cea50d1cbac27 -> 
  custom:video-encoder-webm-vp8: eb34c28f22e8b96e1ab97ce403110664 -> 
  custom:video-decoder-webm-vp8: 9c59270c3fd7afecdb556c50c9e8de78 -> 
  custom:audio-decoder-ogg-vorbis: bf7c407c2cedff20999df2af8eb42d56 -> 
  custom:audio-encoder-webm-vorbis: bf7c407c2cedff20999df2af8eb42d56 -> 
========================================================================
Received Import Request.
  Time since last request: 214.595479 seconds.
  path: Assets/prefabs/villarge Variant.prefab
  artifactKey: Guid(581a72d505de27f4a84dd7d2e8c7b80e) Importer(815301076,1909f56bfc062723c751e8b465ee728b)
Start importing Assets/prefabs/villarge Variant.prefab using Guid(581a72d505de27f4a84dd7d2e8c7b80e) Importer(815301076,1909f56bfc062723c751e8b465ee728b)  -> (artifact id: 'aab92dd3c4f646077c34903064733d29') in 0.120069 seconds 
  Import took 0.121549 seconds .

========================================================================
Received Import Request.
  Time since last request: 65.685001 seconds.
  path: Assets/Materials/New Material 1.mat
  artifactKey: Guid(ff9cd448d8ac76a40a432b2e0db6e521) Importer(815301076,1909f56bfc062723c751e8b465ee728b)
Start importing Assets/Materials/New Material 1.mat using Guid(ff9cd448d8ac76a40a432b2e0db6e521) Importer(815301076,1909f56bfc062723c751e8b465ee728b)  -> (artifact id: 'c59699dce511c2d83493df44636c710a') in 0.210456 seconds 
  Import took 0.222793 seconds .

========================================================================
Received Prepare
Registering precompiled user dll's ...
Registered in 0.004977 seconds.
Begin MonoManager ReloadAssembly
Native extension for WindowsStandalone target not found
Refreshing native plugins compatible for Editor in 0.81 ms, found 0 plugins.
Preloading 0 native plugins for Editor in 0.00 ms.
Mono: successfully reloaded assembly
- Completed reload, in  0.736 seconds
Domain Reload Profiling:
	ReloadAssembly (737ms)
		BeginReloadAssembly (102ms)
			ExecutionOrderSort (0ms)
			DisableScriptedObjects (4ms)
			BackupInstance (0ms)
			ReleaseScriptingObjects (0ms)
			CreateAndSetChildDomain (21ms)
		EndReloadAssembly (556ms)
			LoadAssemblies (51ms)
			RebuildTransferFunctionScriptingTraits (0ms)
			SetupTypeCache (167ms)
			ReleaseScriptCaches (0ms)
			RebuildScriptCaches (31ms)
			SetupLoadedEditorAssemblies (203ms)
				LogAssemblyErrors (0ms)
				InitializePlatformSupportModulesInManaged (6ms)
				SetLoadedEditorAssemblies (0ms)
				RefreshPlugins (1ms)
				BeforeProcessingInitializeOnLoad (44ms)
				ProcessInitializeOnLoadAttributes (135ms)
				ProcessInitializeOnLoadMethodAttributes (8ms)
				AfterProcessingInitializeOnLoad (8ms)
				EditorAssembliesLoaded (0ms)
			ExecutionOrderSort2 (0ms)
			AwakeInstancesAfterBackupRestoration (7ms)
Platform modules already initialized, skipping
Refreshing native plugins compatible for Editor in 1.95 ms, found 0 plugins.
Preloading 0 native plugins for Editor in 0.00 ms.
Unloading 2 Unused Serialized files (Serialized files now loaded: 0)
System memory in use before: 55.6 MB.
System memory in use after: 55.7 MB.

Unloading 0 unused Assets to reduce memory usage. Loaded Objects now: 514.
Total: 1.966600 ms (FindLiveObjects: 0.044200 ms CreateObjectMapping: 0.003500 ms MarkObjects: 1.914300 ms  DeleteObjects: 0.003600 ms)

AssetImportParameters requested are different than current active one (requested -> active):
  custom:framework-win-MediaFoundation: 216162199b28c13a410421893ffa2e32 -> 
  custom:video-decoder-ogg-theora: a1e56fd34408186e4bbccfd4996cb3dc -> 
  custom:container-muxer-webm: aa71ff27fc2769a1b78a27578f13a17b -> 
  custom:container-demuxer-webm: 4f35f7cbe854078d1ac9338744f61a02 -> 
  custom:container-demuxer-ogg: 62fdf1f143b41e24485cea50d1cbac27 -> 
  custom:video-encoder-webm-vp8: eb34c28f22e8b96e1ab97ce403110664 -> 
  custom:video-decoder-webm-vp8: 9c59270c3fd7afecdb556c50c9e8de78 -> 
  custom:audio-decoder-ogg-vorbis: bf7c407c2cedff20999df2af8eb42d56 -> 
  custom:audio-encoder-webm-vorbis: bf7c407c2cedff20999df2af8eb42d56 -> 
========================================================================
Received Import Request.
  Time since last request: 11.126004 seconds.
  path: Assets/Materials/barStroke.mat
  artifactKey: Guid(e468b7979fccc7a49842592458583327) Importer(815301076,1909f56bfc062723c751e8b465ee728b)
Start importing Assets/Materials/barStroke.mat using Guid(e468b7979fccc7a49842592458583327) Importer(815301076,1909f56bfc062723c751e8b465ee728b)  -> (artifact id: '70f43c05e560ab91d05de3d9b67b4183') in 0.069059 seconds 
  Import took 0.084146 seconds .

========================================================================
Received Import Request.
  Time since last request: 8.303166 seconds.
  path: Assets/New Terrain.asset
  artifactKey: Guid(ec3f959cb947fd344ae05f6d9f7b2b00) Importer(815301076,1909f56bfc062723c751e8b465ee728b)
Start importing Assets/New Terrain.asset using Guid(ec3f959cb947fd344ae05f6d9f7b2b00) Importer(815301076,1909f56bfc062723c751e8b465ee728b)  -> (artifact id: '105e10bafbf6a739be38209a2d96041f') in 0.092670 seconds 
  Import took 0.093869 seconds .

========================================================================
Received Import Request.
  Time since last request: 20.044966 seconds.
  path: Assets/Materials/barStatus.mat
  artifactKey: Guid(124bb5da5f2f95342af1cb41aa2ca201) Importer(815301076,1909f56bfc062723c751e8b465ee728b)
Start importing Assets/Materials/barStatus.mat using Guid(124bb5da5f2f95342af1cb41aa2ca201) Importer(815301076,1909f56bfc062723c751e8b465ee728b)  -> (artifact id: 'f73232855db5dfb304ab41a37a9713b9') in 0.015858 seconds 
  Import took 0.018847 seconds .

========================================================================
Received Prepare
Registering precompiled user dll's ...
Registered in 0.007078 seconds.
Begin MonoManager ReloadAssembly
Native extension for WindowsStandalone target not found
Refreshing native plugins compatible for Editor in 0.71 ms, found 0 plugins.
Preloading 0 native plugins for Editor in 0.00 ms.
Mono: successfully reloaded assembly
- Completed reload, in  0.821 seconds
Domain Reload Profiling:
	ReloadAssembly (822ms)
		BeginReloadAssembly (109ms)
			ExecutionOrderSort (0ms)
			DisableScriptedObjects (4ms)
			BackupInstance (0ms)
			ReleaseScriptingObjects (0ms)
			CreateAndSetChildDomain (20ms)
		EndReloadAssembly (622ms)
			LoadAssemblies (55ms)
			RebuildTransferFunctionScriptingTraits (0ms)
			SetupTypeCache (179ms)
			ReleaseScriptCaches (0ms)
			RebuildScriptCaches (44ms)
			SetupLoadedEditorAssemblies (235ms)
				LogAssemblyErrors (0ms)
				InitializePlatformSupportModulesInManaged (7ms)
				SetLoadedEditorAssemblies (1ms)
				RefreshPlugins (1ms)
				BeforeProcessingInitializeOnLoad (50ms)
				ProcessInitializeOnLoadAttributes (161ms)
				ProcessInitializeOnLoadMethodAttributes (5ms)
				AfterProcessingInitializeOnLoad (9ms)
				EditorAssembliesLoaded (0ms)
			ExecutionOrderSort2 (0ms)
			AwakeInstancesAfterBackupRestoration (8ms)
Platform modules already initialized, skipping
Refreshing native plugins compatible for Editor in 0.67 ms, found 0 plugins.
Preloading 0 native plugins for Editor in 0.00 ms.
Unloading 2 Unused Serialized files (Serialized files now loaded: 0)
System memory in use before: 55.7 MB.
System memory in use after: 55.7 MB.

Unloading 0 unused Assets to reduce memory usage. Loaded Objects now: 515.
Total: 1.911400 ms (FindLiveObjects: 0.047200 ms CreateObjectMapping: 0.003300 ms MarkObjects: 1.856100 ms  DeleteObjects: 0.003600 ms)

AssetImportParameters requested are different than current active one (requested -> active):
  custom:framework-win-MediaFoundation: 216162199b28c13a410421893ffa2e32 -> 
  custom:video-decoder-ogg-theora: a1e56fd34408186e4bbccfd4996cb3dc -> 
  custom:container-muxer-webm: aa71ff27fc2769a1b78a27578f13a17b -> 
  custom:container-demuxer-webm: 4f35f7cbe854078d1ac9338744f61a02 -> 
  custom:container-demuxer-ogg: 62fdf1f143b41e24485cea50d1cbac27 -> 
  custom:video-encoder-webm-vp8: eb34c28f22e8b96e1ab97ce403110664 -> 
  custom:video-decoder-webm-vp8: 9c59270c3fd7afecdb556c50c9e8de78 -> 
  custom:audio-decoder-ogg-vorbis: bf7c407c2cedff20999df2af8eb42d56 -> 
  custom:audio-encoder-webm-vorbis: bf7c407c2cedff20999df2af8eb42d56 -> 
========================================================================
Received Import Request.
  Time since last request: 587.169820 seconds.
  path: Assets/models/pie.fbx
  artifactKey: Guid(ebfbdb149f0ad3641bfef9d923aba30f) Importer(815301076,1909f56bfc062723c751e8b465ee728b)
Start importing Assets/models/pie.fbx using Guid(ebfbdb149f0ad3641bfef9d923aba30f) Importer(815301076,1909f56bfc062723c751e8b465ee728b)  -> (artifact id: 'a83629f5cdd4bc6d3a5a812f2747b0f7') in 0.162201 seconds 
  Import took 0.172055 seconds .

========================================================================
Received Prepare
Registering precompiled user dll's ...
Registered in 0.004685 seconds.
Begin MonoManager ReloadAssembly
Native extension for WindowsStandalone target not found
Refreshing native plugins compatible for Editor in 0.97 ms, found 0 plugins.
Preloading 0 native plugins for Editor in 0.00 ms.
Mono: successfully reloaded assembly
- Completed reload, in  1.574 seconds
Domain Reload Profiling:
	ReloadAssembly (1574ms)
		BeginReloadAssembly (211ms)
			ExecutionOrderSort (0ms)
			DisableScriptedObjects (14ms)
			BackupInstance (0ms)
			ReleaseScriptingObjects (0ms)
			CreateAndSetChildDomain (71ms)
		EndReloadAssembly (1286ms)
			LoadAssemblies (60ms)
			RebuildTransferFunctionScriptingTraits (0ms)
			SetupTypeCache (357ms)
			ReleaseScriptCaches (0ms)
			RebuildScriptCaches (36ms)
			SetupLoadedEditorAssemblies (268ms)
				LogAssemblyErrors (0ms)
				InitializePlatformSupportModulesInManaged (7ms)
				SetLoadedEditorAssemblies (2ms)
				RefreshPlugins (2ms)
				BeforeProcessingInitializeOnLoad (74ms)
				ProcessInitializeOnLoadAttributes (170ms)
				ProcessInitializeOnLoadMethodAttributes (5ms)
				AfterProcessingInitializeOnLoad (8ms)
				EditorAssembliesLoaded (0ms)
			ExecutionOrderSort2 (0ms)
			AwakeInstancesAfterBackupRestoration (7ms)
Platform modules already initialized, skipping
Refreshing native plugins compatible for Editor in 0.70 ms, found 0 plugins.
Preloading 0 native plugins for Editor in 0.00 ms.
Unloading 2 Unused Serialized files (Serialized files now loaded: 0)
System memory in use before: 55.7 MB.
System memory in use after: 55.7 MB.

Unloading 0 unused Assets to reduce memory usage. Loaded Objects now: 516.
Total: 2.127200 ms (FindLiveObjects: 0.047900 ms CreateObjectMapping: 0.003800 ms MarkObjects: 2.069100 ms  DeleteObjects: 0.004800 ms)

AssetImportParameters requested are different than current active one (requested -> active):
  custom:framework-win-MediaFoundation: 216162199b28c13a410421893ffa2e32 -> 
  custom:video-decoder-ogg-theora: a1e56fd34408186e4bbccfd4996cb3dc -> 
  custom:container-muxer-webm: aa71ff27fc2769a1b78a27578f13a17b -> 
  custom:container-demuxer-webm: 4f35f7cbe854078d1ac9338744f61a02 -> 
  custom:container-demuxer-ogg: 62fdf1f143b41e24485cea50d1cbac27 -> 
  custom:video-encoder-webm-vp8: eb34c28f22e8b96e1ab97ce403110664 -> 
  custom:video-decoder-webm-vp8: 9c59270c3fd7afecdb556c50c9e8de78 -> 
  custom:audio-decoder-ogg-vorbis: bf7c407c2cedff20999df2af8eb42d56 -> 
  custom:audio-encoder-webm-vorbis: bf7c407c2cedff20999df2af8eb42d56 -> 
========================================================================
Received Import Request.
  Time since last request: 64.619874 seconds.
  path: Assets/models/pie.fbx
  artifactKey: Guid(ebfbdb149f0ad3641bfef9d923aba30f) Importer(815301076,1909f56bfc062723c751e8b465ee728b)
Start importing Assets/models/pie.fbx using Guid(ebfbdb149f0ad3641bfef9d923aba30f) Importer(815301076,1909f56bfc062723c751e8b465ee728b)  -> (artifact id: '0edce179896844a38116ef7c95883b89') in 0.110196 seconds 
  Import took 0.123102 seconds .

========================================================================
Received Prepare
Registering precompiled user dll's ...
Registered in 0.004907 seconds.
Begin MonoManager ReloadAssembly
Native extension for WindowsStandalone target not found
Refreshing native plugins compatible for Editor in 0.71 ms, found 0 plugins.
Preloading 0 native plugins for Editor in 0.00 ms.
Mono: successfully reloaded assembly
- Completed reload, in  0.824 seconds
Domain Reload Profiling:
	ReloadAssembly (825ms)
		BeginReloadAssembly (135ms)
			ExecutionOrderSort (0ms)
			DisableScriptedObjects (5ms)
			BackupInstance (0ms)
			ReleaseScriptingObjects (0ms)
			CreateAndSetChildDomain (39ms)
		EndReloadAssembly (612ms)
			LoadAssemblies (58ms)
			RebuildTransferFunctionScriptingTraits (0ms)
			SetupTypeCache (187ms)
			ReleaseScriptCaches (0ms)
			RebuildScriptCaches (33ms)
			SetupLoadedEditorAssemblies (219ms)
				LogAssemblyErrors (0ms)
				InitializePlatformSupportModulesInManaged (6ms)
				SetLoadedEditorAssemblies (1ms)
				RefreshPlugins (1ms)
				BeforeProcessingInitializeOnLoad (44ms)
				ProcessInitializeOnLoadAttributes (152ms)
				ProcessInitializeOnLoadMethodAttributes (6ms)
				AfterProcessingInitializeOnLoad (9ms)
				EditorAssembliesLoaded (0ms)
			ExecutionOrderSort2 (0ms)
			AwakeInstancesAfterBackupRestoration (8ms)
Platform modules already initialized, skipping
Refreshing native plugins compatible for Editor in 2.00 ms, found 0 plugins.
Preloading 0 native plugins for Editor in 0.00 ms.
Unloading 2 Unused Serialized files (Serialized files now loaded: 0)
System memory in use before: 55.7 MB.
System memory in use after: 55.7 MB.

Unloading 0 unused Assets to reduce memory usage. Loaded Objects now: 517.
Total: 8.380000 ms (FindLiveObjects: 0.139600 ms CreateObjectMapping: 0.004700 ms MarkObjects: 8.227000 ms  DeleteObjects: 0.007000 ms)

AssetImportParameters requested are different than current active one (requested -> active):
  custom:framework-win-MediaFoundation: 216162199b28c13a410421893ffa2e32 -> 
  custom:video-decoder-ogg-theora: a1e56fd34408186e4bbccfd4996cb3dc -> 
  custom:container-muxer-webm: aa71ff27fc2769a1b78a27578f13a17b -> 
  custom:container-demuxer-webm: 4f35f7cbe854078d1ac9338744f61a02 -> 
  custom:container-demuxer-ogg: 62fdf1f143b41e24485cea50d1cbac27 -> 
  custom:video-encoder-webm-vp8: eb34c28f22e8b96e1ab97ce403110664 -> 
  custom:video-decoder-webm-vp8: 9c59270c3fd7afecdb556c50c9e8de78 -> 
  custom:audio-decoder-ogg-vorbis: bf7c407c2cedff20999df2af8eb42d56 -> 
  custom:audio-encoder-webm-vorbis: bf7c407c2cedff20999df2af8eb42d56 -> 
========================================================================
Received Import Request.
  Time since last request: 124.605048 seconds.
  path: Assets/models/pie.fbx
  artifactKey: Guid(ebfbdb149f0ad3641bfef9d923aba30f) Importer(815301076,1909f56bfc062723c751e8b465ee728b)
Start importing Assets/models/pie.fbx using Guid(ebfbdb149f0ad3641bfef9d923aba30f) Importer(815301076,1909f56bfc062723c751e8b465ee728b)  -> (artifact id: '8742c6a1d941c0ecc00b255259f198ca') in 0.123052 seconds 
  Import took 0.139464 seconds .

========================================================================
Received Prepare
Registering precompiled user dll's ...
Registered in 0.005023 seconds.
Begin MonoManager ReloadAssembly
Native extension for WindowsStandalone target not found
Refreshing native plugins compatible for Editor in 0.70 ms, found 0 plugins.
Preloading 0 native plugins for Editor in 0.00 ms.
Mono: successfully reloaded assembly
- Completed reload, in  0.768 seconds
Domain Reload Profiling:
	ReloadAssembly (768ms)
		BeginReloadAssembly (111ms)
			ExecutionOrderSort (0ms)
			DisableScriptedObjects (5ms)
			BackupInstance (0ms)
			ReleaseScriptingObjects (0ms)
			CreateAndSetChildDomain (22ms)
		EndReloadAssembly (581ms)
			LoadAssemblies (58ms)
			RebuildTransferFunctionScriptingTraits (0ms)
			SetupTypeCache (162ms)
			ReleaseScriptCaches (0ms)
			RebuildScriptCaches (31ms)
			SetupLoadedEditorAssemblies (222ms)
				LogAssemblyErrors (0ms)
				InitializePlatformSupportModulesInManaged (6ms)
				SetLoadedEditorAssemblies (1ms)
				RefreshPlugins (1ms)
				BeforeProcessingInitializeOnLoad (47ms)
				ProcessInitializeOnLoadAttributes (152ms)
				ProcessInitializeOnLoadMethodAttributes (5ms)
				AfterProcessingInitializeOnLoad (9ms)
				EditorAssembliesLoaded (1ms)
			ExecutionOrderSort2 (0ms)
			AwakeInstancesAfterBackupRestoration (8ms)
Platform modules already initialized, skipping
Refreshing native plugins compatible for Editor in 0.66 ms, found 0 plugins.
Preloading 0 native plugins for Editor in 0.00 ms.
Unloading 2 Unused Serialized files (Serialized files now loaded: 0)
System memory in use before: 55.7 MB.
System memory in use after: 55.7 MB.

Unloading 0 unused Assets to reduce memory usage. Loaded Objects now: 518.
Total: 1.964000 ms (FindLiveObjects: 0.046200 ms CreateObjectMapping: 0.003700 ms MarkObjects: 1.909000 ms  DeleteObjects: 0.004000 ms)

AssetImportParameters requested are different than current active one (requested -> active):
  custom:framework-win-MediaFoundation: 216162199b28c13a410421893ffa2e32 -> 
  custom:video-decoder-ogg-theora: a1e56fd34408186e4bbccfd4996cb3dc -> 
  custom:container-muxer-webm: aa71ff27fc2769a1b78a27578f13a17b -> 
  custom:container-demuxer-webm: 4f35f7cbe854078d1ac9338744f61a02 -> 
  custom:container-demuxer-ogg: 62fdf1f143b41e24485cea50d1cbac27 -> 
  custom:video-encoder-webm-vp8: eb34c28f22e8b96e1ab97ce403110664 -> 
  custom:video-decoder-webm-vp8: 9c59270c3fd7afecdb556c50c9e8de78 -> 
  custom:audio-decoder-ogg-vorbis: bf7c407c2cedff20999df2af8eb42d56 -> 
  custom:audio-encoder-webm-vorbis: bf7c407c2cedff20999df2af8eb42d56 -> 
========================================================================
Received Import Request.
  Time since last request: 629.232407 seconds.
  path: Assets/models/Materials/spaceman_d_ora.mat
  artifactKey: Guid(0b495341463d7b747ba10e7b69fadd8a) Importer(815301076,1909f56bfc062723c751e8b465ee728b)
Start importing Assets/models/Materials/spaceman_d_ora.mat using Guid(0b495341463d7b747ba10e7b69fadd8a) Importer(815301076,1909f56bfc062723c751e8b465ee728b)  -> (artifact id: '1dc37b933eac9b8bb01ea53aff6a31e8') in 1.034152 seconds 
  Import took 1.064817 seconds .

========================================================================
Received Prepare
Registering precompiled user dll's ...
Registered in 0.004491 seconds.
Begin MonoManager ReloadAssembly
Native extension for WindowsStandalone target not found
Refreshing native plugins compatible for Editor in 0.91 ms, found 0 plugins.
Preloading 0 native plugins for Editor in 0.00 ms.
Mono: successfully reloaded assembly
- Completed reload, in  0.924 seconds
Domain Reload Profiling:
	ReloadAssembly (925ms)
		BeginReloadAssembly (143ms)
			ExecutionOrderSort (0ms)
			DisableScriptedObjects (6ms)
			BackupInstance (0ms)
			ReleaseScriptingObjects (0ms)
			CreateAndSetChildDomain (33ms)
		EndReloadAssembly (680ms)
			LoadAssemblies (62ms)
			RebuildTransferFunctionScriptingTraits (0ms)
			SetupTypeCache (205ms)
			ReleaseScriptCaches (0ms)
			RebuildScriptCaches (34ms)
			SetupLoadedEditorAssemblies (239ms)
				LogAssemblyErrors (0ms)
				InitializePlatformSupportModulesInManaged (8ms)
				SetLoadedEditorAssemblies (1ms)
				RefreshPlugins (1ms)
				BeforeProcessingInitializeOnLoad (51ms)
				ProcessInitializeOnLoadAttributes (162ms)
				ProcessInitializeOnLoadMethodAttributes (6ms)
				AfterProcessingInitializeOnLoad (10ms)
				EditorAssembliesLoaded (0ms)
			ExecutionOrderSort2 (0ms)
			AwakeInstancesAfterBackupRestoration (8ms)
Platform modules already initialized, skipping
Refreshing native plugins compatible for Editor in 0.70 ms, found 0 plugins.
Preloading 0 native plugins for Editor in 0.00 ms.
Unloading 2 Unused Serialized files (Serialized files now loaded: 0)
System memory in use before: 55.7 MB.
System memory in use after: 55.7 MB.

Unloading 0 unused Assets to reduce memory usage. Loaded Objects now: 519.
Total: 2.002800 ms (FindLiveObjects: 0.048800 ms CreateObjectMapping: 0.007300 ms MarkObjects: 1.941000 ms  DeleteObjects: 0.004400 ms)

AssetImportParameters requested are different than current active one (requested -> active):
  custom:framework-win-MediaFoundation: 216162199b28c13a410421893ffa2e32 -> 
  custom:video-decoder-ogg-theora: a1e56fd34408186e4bbccfd4996cb3dc -> 
  custom:container-muxer-webm: aa71ff27fc2769a1b78a27578f13a17b -> 
  custom:container-demuxer-webm: 4f35f7cbe854078d1ac9338744f61a02 -> 
  custom:container-demuxer-ogg: 62fdf1f143b41e24485cea50d1cbac27 -> 
  custom:video-encoder-webm-vp8: eb34c28f22e8b96e1ab97ce403110664 -> 
  custom:video-decoder-webm-vp8: 9c59270c3fd7afecdb556c50c9e8de78 -> 
  custom:audio-decoder-ogg-vorbis: bf7c407c2cedff20999df2af8eb42d56 -> 
  custom:audio-encoder-webm-vorbis: bf7c407c2cedff20999df2af8eb42d56 -> 
AssetImportWorkerClient::OnTransportError - code=2 error=End of file
